0 info it worked if it ends with ok
1 verbose cli [ 'node',
1 verbose cli   '/usr/local/bin/npm',
1 verbose cli   'install',
1 verbose cli   '--save-dev',
1 verbose cli   'node-printf' ]
2 info using npm@1.4.28
3 info using node@v0.10.32
4 warn package.json poly-root-comparison@1.0.0 No README data
5 verbose readDependencies using package.json deps
6 verbose cache add [ 'node-printf', null ]
7 verbose cache add name=undefined spec="node-printf" args=["node-printf",null]
8 verbose parsed url { protocol: null,
8 verbose parsed url   slashes: null,
8 verbose parsed url   auth: null,
8 verbose parsed url   host: null,
8 verbose parsed url   port: null,
8 verbose parsed url   hostname: null,
8 verbose parsed url   hash: null,
8 verbose parsed url   search: null,
8 verbose parsed url   query: null,
8 verbose parsed url   pathname: 'node-printf',
8 verbose parsed url   path: 'node-printf',
8 verbose parsed url   href: 'node-printf' }
9 silly lockFile f1af589a-node-printf node-printf
10 verbose lock node-printf /Users/rreusser/.npm/f1af589a-node-printf.lock
11 silly lockFile f1af589a-node-printf node-printf
12 silly lockFile f1af589a-node-printf node-printf
13 verbose addNamed [ 'node-printf', '' ]
14 verbose addNamed [ null, '*' ]
15 silly lockFile 350a3a09-node-printf node-printf@
16 verbose lock node-printf@ /Users/rreusser/.npm/350a3a09-node-printf.lock
17 silly addNameRange { name: 'node-printf', range: '*', hasData: false }
18 verbose request where is /node-printf
19 verbose request registry https://registry.npmjs.org/
20 verbose request id bc975f37fa435b10
21 verbose url raw /node-printf
22 verbose url resolving [ 'https://registry.npmjs.org/', './node-printf' ]
23 verbose url resolved https://registry.npmjs.org/node-printf
24 verbose request where is https://registry.npmjs.org/node-printf
25 info trying registry request attempt 1 at 20:52:46
26 http GET https://registry.npmjs.org/node-printf
27 http 404 https://registry.npmjs.org/node-printf
28 verbose headers { server: 'CouchDB/1.5.0 (Erlang OTP/R16B03)',
28 verbose headers   'content-type': 'application/json',
28 verbose headers   'cache-control': 'max-age=0',
28 verbose headers   'content-length': '51',
28 verbose headers   'accept-ranges': 'bytes',
28 verbose headers   date: 'Thu, 07 May 2015 00:52:46 GMT',
28 verbose headers   via: '1.1 varnish',
28 verbose headers   age: '0',
28 verbose headers   connection: 'keep-alive',
28 verbose headers   'x-served-by': 'cache-jfk1026-JFK',
28 verbose headers   'x-cache': 'MISS',
28 verbose headers   'x-cache-hits': '0',
28 verbose headers   'x-timer': 'S1430959966.556072,VS0,VE90' }
29 silly registry.get cb [ 404,
29 silly registry.get   { server: 'CouchDB/1.5.0 (Erlang OTP/R16B03)',
29 silly registry.get     'content-type': 'application/json',
29 silly registry.get     'cache-control': 'max-age=0',
29 silly registry.get     'content-length': '51',
29 silly registry.get     'accept-ranges': 'bytes',
29 silly registry.get     date: 'Thu, 07 May 2015 00:52:46 GMT',
29 silly registry.get     via: '1.1 varnish',
29 silly registry.get     age: '0',
29 silly registry.get     connection: 'keep-alive',
29 silly registry.get     'x-served-by': 'cache-jfk1026-JFK',
29 silly registry.get     'x-cache': 'MISS',
29 silly registry.get     'x-cache-hits': '0',
29 silly registry.get     'x-timer': 'S1430959966.556072,VS0,VE90' } ]
30 silly lockFile 350a3a09-node-printf node-printf@
31 silly lockFile 350a3a09-node-printf node-printf@
32 error 404 404 Not Found: node-printf
32 error 404
32 error 404 'node-printf' is not in the npm registry.
32 error 404 You should bug the author to publish it
32 error 404 It was specified as a dependency of 'poly-root-comparison'
32 error 404
32 error 404 Maybe try 'npm search printf'
32 error 404
32 error 404 Note that you can also install from a
32 error 404 tarball, folder, or http url, or git url.
33 error System Darwin 14.1.0
34 error command "node" "/usr/local/bin/npm" "install" "--save-dev" "node-printf"
35 error cwd /Users/rreusser/projects/scijs/rreusser/root-comparison
36 error node -v v0.10.32
37 error npm -v 1.4.28
38 error code E404
39 verbose exit [ 1, true ]
